빌드 시작: 2017-03-15 오전 11:02:37
     1>2 노드의 "c:\Users\Sunrin\documents\visual studio 2013\Projects\gameproject\gameproject\gameproject.vcxproj" 프로젝트(Build 대상)입니다.
     1>ClCompile:
         C:\Program Files (x86)\Microsoft Visual Studio 12.0\VC\bin\CL.exe /c /ZI /nologo /W3 /WX- /Od /Oy- /D WIN32 /D _DEBUG /D _CONSOLE /D _LIB /D _UNICODE /D UNICODE /Gm /EHsc /RTC1 /MDd /GS /fp:precise /Zc:wchar_t /Zc:forScope /Fo"Debug\\" /Fd"Debug\vc120.pdb" /Gd /TP /analyze- /errorReport:prompt "소스.cpp"
         소스.cpp
     1>c:\users\sunrin\documents\visual studio 2013\projects\gameproject\gameproject\소스.cpp(161): warning C4129: ' ' : 문자 이스케이프 시퀀스를 인식할 수 없습니다.
     1>c:\users\sunrin\documents\visual studio 2013\projects\gameproject\gameproject\소스.cpp(162): warning C4129: '$' : 문자 이스케이프 시퀀스를 인식할 수 없습니다.
     1>c:\users\sunrin\documents\visual studio 2013\projects\gameproject\gameproject\소스.cpp(162): warning C4129: ' ' : 문자 이스케이프 시퀀스를 인식할 수 없습니다.
     1>c:\users\sunrin\documents\visual studio 2013\projects\gameproject\gameproject\소스.cpp(162): warning C4129: '_' : 문자 이스케이프 시퀀스를 인식할 수 없습니다.
     1>c:\users\sunrin\documents\visual studio 2013\projects\gameproject\gameproject\소스.cpp(163): warning C4129: '$' : 문자 이스케이프 시퀀스를 인식할 수 없습니다.
     1>c:\users\sunrin\documents\visual studio 2013\projects\gameproject\gameproject\소스.cpp(163): warning C4129: ' ' : 문자 이스케이프 시퀀스를 인식할 수 없습니다.
     1>c:\users\sunrin\documents\visual studio 2013\projects\gameproject\gameproject\소스.cpp(163): warning C4129: '_' : 문자 이스케이프 시퀀스를 인식할 수 없습니다.
     1>c:\users\sunrin\documents\visual studio 2013\projects\gameproject\gameproject\소스.cpp(164): warning C4129: '$' : 문자 이스케이프 시퀀스를 인식할 수 없습니다.
     1>c:\users\sunrin\documents\visual studio 2013\projects\gameproject\gameproject\소스.cpp(164): warning C4129: ' ' : 문자 이스케이프 시퀀스를 인식할 수 없습니다.
     1>c:\users\sunrin\documents\visual studio 2013\projects\gameproject\gameproject\소스.cpp(165): warning C4129: '$' : 문자 이스케이프 시퀀스를 인식할 수 없습니다.
     1>c:\users\sunrin\documents\visual studio 2013\projects\gameproject\gameproject\소스.cpp(165): warning C4129: '_' : 문자 이스케이프 시퀀스를 인식할 수 없습니다.
     1>c:\users\sunrin\documents\visual studio 2013\projects\gameproject\gameproject\소스.cpp(165): warning C4129: ' ' : 문자 이스케이프 시퀀스를 인식할 수 없습니다.
     1>c:\users\sunrin\documents\visual studio 2013\projects\gameproject\gameproject\소스.cpp(166): warning C4129: ' ' : 문자 이스케이프 시퀀스를 인식할 수 없습니다.
     1>c:\users\sunrin\documents\visual studio 2013\projects\gameproject\gameproject\소스.cpp(166): warning C4129: '$' : 문자 이스케이프 시퀀스를 인식할 수 없습니다.
     1>c:\users\sunrin\documents\visual studio 2013\projects\gameproject\gameproject\소스.cpp(167): warning C4129: '$' : 문자 이스케이프 시퀀스를 인식할 수 없습니다.
     1>c:\users\sunrin\documents\visual studio 2013\projects\gameproject\gameproject\소스.cpp(167): warning C4129: ' ' : 문자 이스케이프 시퀀스를 인식할 수 없습니다.
     1>c:\users\sunrin\documents\visual studio 2013\projects\gameproject\gameproject\소스.cpp(167): warning C4129: '_' : 문자 이스케이프 시퀀스를 인식할 수 없습니다.
     1>c:\users\sunrin\documents\visual studio 2013\projects\gameproject\gameproject\소스.cpp(168): warning C4129: '_' : 문자 이스케이프 시퀀스를 인식할 수 없습니다.
       Link:
         C:\Program Files (x86)\Microsoft Visual Studio 12.0\VC\bin\link.exe /ERRORREPORT:PROMPT /OUT:"c:\users\sunrin\documents\visual studio 2013\Projects\gameproject\Debug\gameproject.exe" /INCREMENTAL /NOLOGO kernel32.lib user32.lib gdi32.lib winspool.lib comdlg32.lib advapi32.lib shell32.lib ole32.lib oleaut32.lib uuid.lib odbc32.lib odbccp32.lib /MANIFEST /MANIFESTUAC:"level='asInvoker' uiAccess='false'" /manifest:embed /DEBUG /PDB:"c:\users\sunrin\documents\visual studio 2013\Projects\gameproject\Debug\gameproject.pdb" /SUBSYSTEM:CONSOLE /TLBID:1 /DYNAMICBASE /NXCOMPAT /IMPLIB:"c:\users\sunrin\documents\visual studio 2013\Projects\gameproject\Debug\gameproject.lib" /MACHINE:X86 "Debug\소스.obj"
         gameproject.vcxproj -> c:\users\sunrin\documents\visual studio 2013\Projects\gameproject\Debug\gameproject.exe
     1>"c:\Users\Sunrin\documents\visual studio 2013\Projects\gameproject\gameproject\gameproject.vcxproj" 프로젝트를 빌드했습니다(Build 대상).

빌드했습니다.

경과 시간: 00:00:00.89
